<?xml version="1.0" encoding="UTF-8"?>
<!-- Generated by org.testng.reporters.JUnitXMLReporter -->
<testsuite ignored="0" hostname="DESKTOP-BJ80FP8" failures="0" tests="5" name="Test" time="22.887" errors="0" timestamp="2023-05-19T10:49:49 IST">
  <testcase classname="practice.TestScript_Amazon" name="m3" time="12.005"/>
  <testcase classname="practice.Test0" name="m2" time="10.739"/>
  <testcase classname="TestNG_Demo.TestNGPractice" name="createContact" time="0.005"/>
  <testcase classname="TestNG_Demo.TestNGPractice" name="deleteContact" time="0.002"/>
  <testcase classname="TestNG_Demo.TestNGPractice" name="updateContact" time="0.003"/>
</testsuite> <!-- Test -->
